CRITICAL - 2022-03-22 08:06:28 --> Undefined variable $data
#0 C:\xampp\htdocs\pos\app\Views\unidades.php(13): CodeIgniter\Debug\Exceptions->errorHandler(2, 'Undefined varia...', 'C:\\xampp\\htdocs...', 13)
#1 C:\xampp\htdocs\pos\system\View\View.php(210): include('C:\\xampp\\htdocs...')
#2 C:\xampp\htdocs\pos\system\View\View.php(213): CodeIgniter\View\View->CodeIgniter\View\{closure}()
#3 C:\xampp\htdocs\pos\system\Common.php(1089): CodeIgniter\View\View->render('unidades', Array, true)
#4 C:\xampp\htdocs\pos\app\Controllers\Front\Unidades.php(17): view('unidades', Array)
#5 C:\xampp\htdocs\pos\system\CodeIgniter.php(832): App\Controllers\Front\Unidades->index()
#6 C:\xampp\htdocs\pos\system\CodeIgniter.php(419): CodeIgniter\CodeIgniter->runController(Object(App\Controllers\Front\Unidades))
#7 C:\xampp\htdocs\pos\system\CodeIgniter.php(326): CodeIgniter\CodeIgniter->handleRequest(NULL, Object(Config\Cache), false)
#8 C:\xampp\htdocs\pos\index.php(37): CodeIgniter\CodeIgniter->run()
#9 {main}
CRITICAL - 2022-03-22 08:07:32 --> View themes, no current section.
#0 C:\xampp\htdocs\pos\app\Views\unidades.php(13): CodeIgniter\View\View->endSection()
#1 C:\xampp\htdocs\pos\system\View\View.php(210): include('C:\\xampp\\htdocs...')
#2 C:\xampp\htdocs\pos\system\View\View.php(213): CodeIgniter\View\View->CodeIgniter\View\{closure}()
#3 C:\xampp\htdocs\pos\system\Common.php(1089): CodeIgniter\View\View->render('unidades', Array, true)
#4 C:\xampp\htdocs\pos\app\Controllers\Front\Unidades.php(18): view('unidades', Array)
#5 C:\xampp\htdocs\pos\system\CodeIgniter.php(832): App\Controllers\Front\Unidades->index()
#6 C:\xampp\htdocs\pos\system\CodeIgniter.php(419): CodeIgniter\CodeIgniter->runController(Object(App\Controllers\Front\Unidades))
#7 C:\xampp\htdocs\pos\system\CodeIgniter.php(326): CodeIgniter\CodeIgniter->handleRequest(NULL, Object(Config\Cache), false)
#8 C:\xampp\htdocs\pos\index.php(37): CodeIgniter\CodeIgniter->run()
#9 {main}
CRITICAL - 2022-03-22 08:27:16 --> Undefined variable $data
#0 C:\xampp\htdocs\pos\app\Views\unidades.php(14): CodeIgniter\Debug\Exceptions->errorHandler(2, 'Undefined varia...', 'C:\\xampp\\htdocs...', 14)
#1 C:\xampp\htdocs\pos\system\View\View.php(210): include('C:\\xampp\\htdocs...')
#2 C:\xampp\htdocs\pos\system\View\View.php(213): CodeIgniter\View\View->CodeIgniter\View\{closure}()
#3 C:\xampp\htdocs\pos\system\Common.php(1089): CodeIgniter\View\View->render('unidades', Array, true)
#4 C:\xampp\htdocs\pos\app\Controllers\Front\Unidades.php(19): view('unidades', Array)
#5 C:\xampp\htdocs\pos\system\CodeIgniter.php(832): App\Controllers\Front\Unidades->index()
#6 C:\xampp\htdocs\pos\system\CodeIgniter.php(419): CodeIgniter\CodeIgniter->runController(Object(App\Controllers\Front\Unidades))
#7 C:\xampp\htdocs\pos\system\CodeIgniter.php(326): CodeIgniter\CodeIgniter->handleRequest(NULL, Object(Config\Cache), false)
#8 C:\xampp\htdocs\pos\index.php(37): CodeIgniter\CodeIgniter->run()
#9 {main}
CRITICAL - 2022-03-22 08:29:00 --> Unmatched ')'
#0 C:\xampp\htdocs\pos\system\View\View.php(213): CodeIgniter\View\View->CodeIgniter\View\{closure}()
#1 C:\xampp\htdocs\pos\system\Common.php(1089): CodeIgniter\View\View->render('unidades', Array, true)
#2 C:\xampp\htdocs\pos\app\Controllers\Front\Unidades.php(19): view('unidades', Array)
#3 C:\xampp\htdocs\pos\system\CodeIgniter.php(832): App\Controllers\Front\Unidades->index()
#4 C:\xampp\htdocs\pos\system\CodeIgniter.php(419): CodeIgniter\CodeIgniter->runController(Object(App\Controllers\Front\Unidades))
#5 C:\xampp\htdocs\pos\system\CodeIgniter.php(326): CodeIgniter\CodeIgniter->handleRequest(NULL, Object(Config\Cache), false)
#6 C:\xampp\htdocs\pos\index.php(37): CodeIgniter\CodeIgniter->run()
#7 {main}
CRITICAL - 2022-03-22 08:29:09 --> Array to string conversion
#0 C:\xampp\htdocs\pos\app\Views\unidades.php(4): CodeIgniter\Debug\Exceptions->errorHandler(2, 'Array to string...', 'C:\\xampp\\htdocs...', 4)
#1 C:\xampp\htdocs\pos\system\View\View.php(210): include('C:\\xampp\\htdocs...')
#2 C:\xampp\htdocs\pos\system\View\View.php(213): CodeIgniter\View\View->CodeIgniter\View\{closure}()
#3 C:\xampp\htdocs\pos\system\Common.php(1089): CodeIgniter\View\View->render('unidades', Array, true)
#4 C:\xampp\htdocs\pos\app\Controllers\Front\Unidades.php(19): view('unidades', Array)
#5 C:\xampp\htdocs\pos\system\CodeIgniter.php(832): App\Controllers\Front\Unidades->index()
#6 C:\xampp\htdocs\pos\system\CodeIgniter.php(419): CodeIgniter\CodeIgniter->runController(Object(App\Controllers\Front\Unidades))
#7 C:\xampp\htdocs\pos\system\CodeIgniter.php(326): CodeIgniter\CodeIgniter->handleRequest(NULL, Object(Config\Cache), false)
#8 C:\xampp\htdocs\pos\index.php(37): CodeIgniter\CodeIgniter->run()
#9 {main}
CRITICAL - 2022-03-22 08:30:30 --> Undefined variable $unidades
#0 C:\xampp\htdocs\pos\app\Views\unidades.php(14): CodeIgniter\Debug\Exceptions->errorHandler(2, 'Undefined varia...', 'C:\\xampp\\htdocs...', 14)
#1 C:\xampp\htdocs\pos\system\View\View.php(210): include('C:\\xampp\\htdocs...')
#2 C:\xampp\htdocs\pos\system\View\View.php(213): CodeIgniter\View\View->CodeIgniter\View\{closure}()
#3 C:\xampp\htdocs\pos\system\Common.php(1089): CodeIgniter\View\View->render('unidades', Array, true)
#4 C:\xampp\htdocs\pos\app\Controllers\Front\Unidades.php(19): view('unidades', Array)
#5 C:\xampp\htdocs\pos\system\CodeIgniter.php(832): App\Controllers\Front\Unidades->index()
#6 C:\xampp\htdocs\pos\system\CodeIgniter.php(419): CodeIgniter\CodeIgniter->runController(Object(App\Controllers\Front\Unidades))
#7 C:\xampp\htdocs\pos\system\CodeIgniter.php(326): CodeIgniter\CodeIgniter->handleRequest(NULL, Object(Config\Cache), false)
#8 C:\xampp\htdocs\pos\index.php(37): CodeIgniter\CodeIgniter->run()
#9 {main}
CRITICAL - 2022-03-22 08:31:07 --> Undefined variable $unidades
#0 C:\xampp\htdocs\pos\app\Views\unidades.php(14): CodeIgniter\Debug\Exceptions->errorHandler(2, 'Undefined varia...', 'C:\\xampp\\htdocs...', 14)
#1 C:\xampp\htdocs\pos\system\View\View.php(210): include('C:\\xampp\\htdocs...')
#2 C:\xampp\htdocs\pos\system\View\View.php(213): CodeIgniter\View\View->CodeIgniter\View\{closure}()
#3 C:\xampp\htdocs\pos\system\Common.php(1089): CodeIgniter\View\View->render('unidades', Array, true)
#4 C:\xampp\htdocs\pos\app\Controllers\Front\Unidades.php(19): view('unidades', Array)
#5 C:\xampp\htdocs\pos\system\CodeIgniter.php(832): App\Controllers\Front\Unidades->index()
#6 C:\xampp\htdocs\pos\system\CodeIgniter.php(419): CodeIgniter\CodeIgniter->runController(Object(App\Controllers\Front\Unidades))
#7 C:\xampp\htdocs\pos\system\CodeIgniter.php(326): CodeIgniter\CodeIgniter->handleRequest(NULL, Object(Config\Cache), false)
#8 C:\xampp\htdocs\pos\index.php(37): CodeIgniter\CodeIgniter->run()
#9 {main}
CRITICAL - 2022-03-22 08:51:15 --> Undefined variable $unidades
#0 C:\xampp\htdocs\pos\app\Views\unidades.php(45): CodeIgniter\Debug\Exceptions->errorHandler(2, 'Undefined varia...', 'C:\\xampp\\htdocs...', 45)
#1 C:\xampp\htdocs\pos\system\View\View.php(210): include('C:\\xampp\\htdocs...')
#2 C:\xampp\htdocs\pos\system\View\View.php(213): CodeIgniter\View\View->CodeIgniter\View\{closure}()
#3 C:\xampp\htdocs\pos\system\Common.php(1089): CodeIgniter\View\View->render('unidades', Array, true)
#4 C:\xampp\htdocs\pos\app\Controllers\Front\Unidades.php(19): view('unidades', Array)
#5 C:\xampp\htdocs\pos\system\CodeIgniter.php(832): App\Controllers\Front\Unidades->index()
#6 C:\xampp\htdocs\pos\system\CodeIgniter.php(419): CodeIgniter\CodeIgniter->runController(Object(App\Controllers\Front\Unidades))
#7 C:\xampp\htdocs\pos\system\CodeIgniter.php(326): CodeIgniter\CodeIgniter->handleRequest(NULL, Object(Config\Cache), false)
#8 C:\xampp\htdocs\pos\index.php(37): CodeIgniter\CodeIgniter->run()
#9 {main}
